001: 25126 RUN 'seq 100000'
002: 25126 RUN 'gcc --version'
003: 25126 RUN 'du . -h'
004: 25126 RUN 'ls'
005: 25126 RUN 'ls -l'
006: 25126 RUN 'date'
007: 25126 RUN 'ls -li'
008: 25126 RUN 'gcc --help'
009: 25126 RUN 'date'
010: 25126 RUN 'wc jobs.txt'
011: 25126 RUN 'seq 100000'
012: 25126 RUN 'gcc --version'
013: 25126 RUN 'seq 50000'
014: 25126 RUN 'ls'
015: 25126 RUN 'ls -l'
016: 25126 RUN 'date'
017: 25126 RUN 'ls -li'
018: 25126 RUN 'wc jobs.txt'
019: 25126 RUN 'seq 100000'
020: 25126 RUN 'seq 50000'
021: 25126 RUN 'du . -h'
022: 25126 RUN 'ls'
023: 25126 RUN 'ls -l'
024: 25126 RUN 'date'
025: 25126 RUN 'ls -li'
026: 25126 RUN 'date'
027: 25126 RUN 'wc jobs.txt'
028: 25126 RUN 'seq 100000'
029: 25126 RUN 'seq 50000'
030: 25126 RUN 'du . -h'
031: 25126 RUN 'ls -l'
032: 25126 RUN 'date'
033: 25126 RUN 'ls -li'
034: 25126 RUN 'date'
035: 25126 RUN 'wc jobs.txt'
036: 25126 RUN 'seq 100000'
037: 25126 RUN 'gcc --version'
038: 25126 RUN 'seq 50000'
039: 25126 RUN 'du . -h'
040: 25126 RUN 'ls -l'
041: 25126 RUN 'ls -li'
042: 25126 RUN 'date'
043: 25126 RUN 'wc jobs.txt'
044: 25126 RUN 'seq 100000'
045: 25126 RUN 'gcc --version'
046: 25126 RUN 'seq 50000'
047: 25126 RUN 'du . -h'
048: 25126 RUN 'date'
049: 25126 RUN 'wc jobs.txt'
050: 25126 RUN 'seq 50000'
051: 25126 RUN 'seq 100000'
052: 25126 RUN 'gcc --version'
053: 25126 RUN 'du . -h'
054: 25126 RUN 'ls'
055: 25126 RUN 'ls -l'
056: 25126 RUN 'date'
057: 25126 RUN 'ls -li'
058: 25126 RUN 'gcc --help'
059: 25126 RUN 'date'
060: 25126 RUN 'wc jobs.txt'
061: 25126 RUN 'seq 100000'
062: 25126 RUN 'gcc --version'
063: 25126 RUN 'seq 50000'
064: 25126 RUN 'ls'
065: 25126 RUN 'ls -l'
066: 25126 RUN 'date'
067: 25126 RUN 'ls -li'
068: 25126 RUN 'wc jobs.txt'
069: 25126 RUN 'seq 100000'
070: 25126 RUN 'seq 50000'
071: 25126 RUN 'du . -h'
072: 25126 RUN 'ls'
073: 25126 RUN 'ls -l'
074: 25126 RUN 'date'
075: 25126 RUN 'ls -li'
076: 25126 RUN 'date'
077: 25126 RUN 'wc jobs.txt'
078: 25126 RUN 'seq 100000'
079: 25126 RUN 'seq 50000'
080: 25126 RUN 'du . -h'
081: 25126 RUN 'ls -l'
082: 25126 RUN 'date'
083: 25126 RUN 'ls -li'
084: 25126 RUN 'date'
085: 25126 RUN 'wc jobs.txt'
086: 25126 RUN 'seq 100000'
087: 25126 RUN 'gcc --version'
088: 25126 RUN 'seq 50000'
089: 25126 RUN 'du . -h'
090: 25126 RUN 'ls -l'
091: 25126 RUN 'ls -li'
092: 25126 RUN 'date'
093: 25126 RUN 'wc jobs.txt'
094: 25126 RUN 'seq 100000'
095: 25126 RUN 'gcc --version'
096: 25126 RUN 'seq 50000'
097: 25126 RUN 'du . -h'
098: 25126 RUN 'date'
099: 25126 RUN 'wc jobs.txt'
100: 25126 RUN 'seq 50000'
